0.371655 51
0.001062 78
1.029515 1
0.067689 1
0.105324 1
0.145931 1
0.761673 4
0.176636 4
0.188586 4
0.160509 4
0.239360 1
0.130233 1
0.070685 1
0.299445 2
0.081575 42
0.000778 52
0.001132 2047
0.000101 2047
0.000238 2034
0.000010 46
0.012336 100
0.717115 54
0.320948 19
0.229288 51
0.000913 78
0.638670 1
0.093209 1
0.152159 2
0.002960 223
0.000039 230
0.000012 217
0.000143 195
0.001111 78
1.749539 1
0.139860 1
0.294339 2
0.000195 27
0.001171 78
0.981045 1
0.639403 1
0.248600 1
0.323666 1
0.114054 1
0.170785 1
0.392396 2
0.004549 15
0.000137 143
0.000025 59
0.000011 2
0.000066 219
0.000067 161
0.000185 639
0.000019 2
0.000009 81
0.000026 83
0.000020 72
0.000010 2
0.000018 76
0.000033 77
0.000015 75
0.000011 2
0.000017 75
0.000119 402
0.000014 2
0.000008 74
0.000008 2
0.000019 74
0.000032 78
0.000013 73
0.000007 2
0.000028 76
0.001020 78
1.424130 1
0.563411 1
0.687498 4
0.171136 4
0.778953 1
0.226240 1
0.452120 1
0.171785 1
0.388226 4
0.173948 4
1.074761 1
0.195328 1
0.159611 1
0.801183 4
0.172761 4
0.181748 4
0.162671 4
0.171721 1
0.823326 1
0.098554 1
0.176496 2
0.001705 453
0.000027 412
0.000679 78
0.676624 1
0.200907 1
0.218973 2
0.003016 223
0.000026 447
0.000008 193
0.000050 2
0.000661 78
1.579339 1
0.148193 1
0.325977 2
3.515079 2
0.001107 98
0.000050 80
1.860757 1
0.143233 1
0.135798 1
0.588959 4
0.185128 4
0.158600 4
0.172237 1
0.729365 1
0.147230 1
0.257813 2
0.010288 36
0.000123 17
0.020273 12
0.020193 73
0.020279 86
0.020317 93
0.020244 98
0.020287 97
0.020315 95
0.020365 81
0.020260 142
0.020279 141
0.020286 128
0.020278 188
0.020321 131
0.020303 186
0.020190 143
0.020278 192
0.020237 194
0.020394 267
0.020702 203
0.019791 218
0.020198 210
0.020303 310
0.020222 240
0.020295 244
0.020299 204
0.020353 357
0.020310 236
0.020198 266
0.020333 277
0.020254 371
0.022380 237
0.018183 357
0.020258 240
0.020344 355
0.020325 266
0.020283 267
0.020267 265
0.020385 408
0.020318 287
0.020583 298
0.020017 340
0.020428 550
0.020365 369
0.020355 417
0.020370 391
0.020459 349
0.020215 374
0.020365 418
0.020391 338
0.020447 598
0.020288 270
0.020382 243
0.020319 196
0.020376 437
0.020376 295
0.020343 323
0.020402 395
0.020421 442
0.020359 339
0.020344 322
0.020200 314
0.020426 432
0.020376 344
0.020269 351
0.020344 356
0.020423 444
0.020273 252
0.020283 300
0.020365 302
0.020395 481
0.020376 367
0.020236 369
0.020350 326
0.020417 475
0.020331 326
0.020301 387
0.020383 392
0.020394 520
0.020263 346
0.020400 449
0.020555 224
0.020222 225
0.020326 130
0.020325 126
0.020317 81
0.020352 261
0.020326 134
0.020345 94
0.020350 130
0.020290 257
0.020227 81
0.020347 131
0.020342 134
0.020408 225
0.020309 130
0.020272 126
0.020255 81
0.020416 261
0.020328 134
0.020357 94
0.020342 130
0.020386 257
0.020331 81
0.020367 131
0.020335 134
0.020306 225
0.020252 130
0.020323 126
0.020334 81
0.020416 261
0.020323 134
0.020219 94
0.020352 130
0.020372 257
0.020307 81
0.020267 131
0.020290 134
0.020389 225
0.020292 130
0.020338 126
0.020269 81
0.020296 261
0.020370 134
0.020322 94
0.020321 130
0.020381 257
0.020335 81
0.020323 131
0.020252 134
0.020406 225
0.020237 129
0.020370 125
0.020313 80
0.020466 255
0.020417 128
0.020323 90
0.020342 122
0.020294 248
0.020374 76
0.020309 119
0.020319 118
0.020407 219
0.020362 119
0.020327 108
0.020348 69
0.020438 224
0.020345 106
0.020311 78
0.020351 105
0.020267 200
0.020242 64
0.020711 95
0.020397 94
0.020327 164
0.020260 86
0.020284 82
0.020256 71
0.020426 160
0.020924 82
0.019633 66
0.020309 74
0.020342 147
0.020542 61
0.020098 71
0.020317 77
0.020330 120
0.020296 62
0.020300 58
0.020647 57
0.020210 115
0.020222 57
0.020334 83
0.020234 54
0.020322 106
0.020288 54
0.020338 54
0.020294 54
0.020329 102
0.020317 54
0.020260 54
0.020243 66
0.020336 107
0.020315 57
0.020304 56
0.020289 68
0.020226 95
0.020233 56
0.020212 56
0.020305 56
0.020260 107
0.020303 54
0.020314 52
0.020201 44
0.020309 76
0.020305 64
0.020276 53
0.020250 60
0.020331 81
0.020277 54
0.020298 54
0.020251 54
0.020275 77
0.020276 54
0.020278 54
0.020190 53
0.020294 72
0.020247 53
0.020255 53
0.020210 53
0.020216 68
0.020268 52
0.020282 49
0.020304 53
0.020187 66
0.020176 48
0.020175 56
0.020251 52
0.020281 55
0.020215 39
0.020196 28
0.020173 7
0.041516 119
1.506516 1
0.204465 1
0.159854 1
0.110974 1
0.315912 8
